This file contains any messages produced by compilers while
running configure, to aid debugging if configure makes a mistake.

It was created by configure, which was
generated by GNU Autoconf 2.61.  Invocation command line was

  $ ./configure --enable-maintainer-mode

## --------- ##
## Platform. ##
## --------- ##

hostname = helight
uname -m = i686
uname -r = 2.6.26-1-686
uname -s = Linux
uname -v = #1 SMP Thu Oct 9 15:18:09 UTC 2008

/usr/bin/uname -p = unknown
/bin/uname -X     = unknown

/bin/arch              = unknown
/usr/bin/arch -k       = unknown
/usr/convex/getsysinfo = unknown
/usr/bin/hostinfo      = unknown
/bin/machine           = unknown
/usr/bin/oslevel       = unknown
/bin/universe          = unknown

PATH: /usr/local/bin
PATH: /usr/bin
PATH: /bin
PATH: /usr/games
PATH: /home/helight/arm/tools/arm-linux-gcc/3.4.1/bin/


## ----------- ##
## Core tests. ##
## ----------- ##

configure:1788: checking for a BSD-compatible install
configure:1844: result: /usr/bin/install -c
configure:1855: checking whether build environment is sane
configure:1898: result: yes
configure:1931: checking for gawk
configure:1961: result: no
configure:1931: checking for mawk
configure:1947: found /usr/bin/mawk
configure:1958: result: mawk
configure:1969: checking whether make sets $(MAKE)
configure:1990: result: yes
configure:2172: checking whether to enable maintainer-specific portions of Makefiles
configure:2181: result: yes
configure:2209: checking for style of include used by make
configure:2237: result: GNU
configure:2310: checking for gcc
configure:2326: found /usr/bin/gcc
configure:2337: result: gcc
configure:2575: checking for C compiler version
configure:2582: gcc --version >&5
gcc (Debian 4.3.2-1) 4.3.2
Copyright (C) 2008 Free Software Foundation, Inc.
This is free software; see the source for copying conditions.  There is NO
warranty; not even for MERCHANTABILITY or FITNESS FOR A PARTICULAR PURPOSE.

configure:2585: $? = 0
configure:2592: gcc -v >&5
Using built-in specs.
Target: i486-linux-gnu
Configured with: ../src/configure -v --with-pkgversion='Debian 4.3.2-1' --with-bugurl=file:///usr/share/doc/gcc-4.3/README.Bugs --enable-languages=c,c++,fortran,objc,obj-c++ --prefix=/usr --enable-shared --with-system-zlib --libexecdir=/usr/lib --without-included-gettext --enable-threads=posix --enable-nls --with-gxx-include-dir=/usr/include/c++/4.3 --program-suffix=-4.3 --enable-clocale=gnu --enable-libstdcxx-debug --enable-objc-gc --enable-mpfr --enable-targets=all --enable-cld --enable-checking=release --build=i486-linux-gnu --host=i486-linux-gnu --target=i486-linux-gnu
Thread model: posix
gcc version 4.3.2 (Debian 4.3.2-1) 
configure:2595: $? = 0
configure:2602: gcc -V >&5
gcc: '-V' option must have argument
configure:2605: $? = 1
configure:2628: checking for C compiler default output file name
configure:2655: gcc    conftest.c  >&5
configure:2658: $? = 0
configure:2696: result: a.out
configure:2713: checking whether the C compiler works
configure:2723: ./a.out
configure:2726: $? = 0
configure:2743: result: yes
configure:2750: checking whether we are cross compiling
configure:2752: result: no
configure:2755: checking for suffix of executables
configure:2762: gcc -o conftest    conftest.c  >&5
configure:2765: $? = 0
configure:2789: result: 
configure:2795: checking for suffix of object files
configure:2821: gcc -c   conftest.c >&5
configure:2824: $? = 0
configure:2847: result: o
configure:2851: checking whether we are using the GNU C compiler
configure:2880: gcc -c   conftest.c >&5
configure:2886: $? = 0
configure:2903: result: yes
configure:2908: checking whether gcc accepts -g
configure:2938: gcc -c -g  conftest.c >&5
configure:2944: $? = 0
configure:3043: result: yes
configure:3060: checking for gcc option to accept ISO C89
configure:3134: gcc  -c -g -O2  conftest.c >&5
configure:3140: $? = 0
configure:3163: result: none needed
configure:3183: checking dependency style of gcc
configure:3266: result: gcc3
configure:3284: checking for library containing strerror
configure:3325: gcc -o conftest -g -O2   conftest.c  >&5
configure:3331: $? = 0
configure:3359: result: none required
configure:3415: checking for gcc
configure:3442: result: gcc
configure:3680: checking for C compiler version
configure:3687: gcc --version >&5
gcc (Debian 4.3.2-1) 4.3.2
Copyright (C) 2008 Free Software Foundation, Inc.
This is free software; see the source for copying conditions.  There is NO
warranty; not even for MERCHANTABILITY or FITNESS FOR A PARTICULAR PURPOSE.

configure:3690: $? = 0
configure:3697: gcc -v >&5
Using built-in specs.
Target: i486-linux-gnu
Configured with: ../src/configure -v --with-pkgversion='Debian 4.3.2-1' --with-bugurl=file:///usr/share/doc/gcc-4.3/README.Bugs --enable-languages=c,c++,fortran,objc,obj-c++ --prefix=/usr --enable-shared --with-system-zlib --libexecdir=/usr/lib --without-included-gettext --enable-threads=posix --enable-nls --with-gxx-include-dir=/usr/include/c++/4.3 --program-suffix=-4.3 --enable-clocale=gnu --enable-libstdcxx-debug --enable-objc-gc --enable-mpfr --enable-targets=all --enable-cld --enable-checking=release --build=i486-linux-gnu --host=i486-linux-gnu --target=i486-linux-gnu
Thread model: posix
gcc version 4.3.2 (Debian 4.3.2-1) 
configure:3700: $? = 0
configure:3707: gcc -V >&5
gcc: '-V' option must have argument
configure:3710: $? = 1
configure:3713: checking whether we are using the GNU C compiler
configure:3765: result: yes
configure:3770: checking whether gcc accepts -g
configure:3905: result: yes
configure:3922: checking for gcc option to accept ISO C89
configure:4025: result: none needed
configure:4045: checking dependency style of gcc
configure:4128: result: gcc3
configure:4148: checking for gcc option to accept ANSI C
configure:4216: gcc  -c -g -O2  conftest.c >&5
configure:4222: $? = 0
configure:4242: result: none needed
configure:4258: checking how to run the C preprocessor
configure:4298: gcc -E  conftest.c
configure:4304: $? = 0
configure:4335: gcc -E  conftest.c
conftest.c:10:28: error: ac_nonexistent.h: No such file or directory
configure:4341: $? = 1
configure: failed program was:
| /* confdefs.h.  */
| #define PACKAGE_NAME ""
| #define PACKAGE_TARNAME ""
| #define PACKAGE_VERSION ""
| #define PACKAGE_STRING ""
| #define PACKAGE_BUGREPORT ""
| #define PACKAGE "notebook"
| #define VERSION "0.1"
| /* end confdefs.h.  */
| #include <ac_nonexistent.h>
configure:4374: result: gcc -E
configure:4403: gcc -E  conftest.c
configure:4409: $? = 0
configure:4440: gcc -E  conftest.c
conftest.c:10:28: error: ac_nonexistent.h: No such file or directory
configure:4446: $? = 1
configure: failed program was:
| /* confdefs.h.  */
| #define PACKAGE_NAME ""
| #define PACKAGE_TARNAME ""
| #define PACKAGE_VERSION ""
| #define PACKAGE_STRING ""
| #define PACKAGE_BUGREPORT ""
| #define PACKAGE "notebook"
| #define VERSION "0.1"
| /* end confdefs.h.  */
| #include <ac_nonexistent.h>
configure:4484: checking for grep that handles long lines and -e
configure:4558: result: /bin/grep
configure:4563: checking for egrep
configure:4641: result: /bin/grep -E
configure:4646: checking for ANSI C header files
configure:4676: gcc -c -g -O2  conftest.c >&5
configure:4682: $? = 0
configure:4781: gcc -o conftest -g -O2   conftest.c  >&5
configure:4784: $? = 0
configure:4790: ./conftest
configure:4793: $? = 0
configure:4810: result: yes
configure:4871: checking for pkg-config
configure:4889: found /usr/bin/pkg-config
configure:4901: result: /usr/bin/pkg-config
configure:4930: checking pkg-config is at least version 0.9.0
configure:4933: result: yes
configure:4944: checking for PACKAGE
configure:4952: $PKG_CONFIG --exists --print-errors "$pkg_modules"
configure:4955: $? = 0
configure:4970: $PKG_CONFIG --exists --print-errors "$pkg_modules"
configure:4973: $? = 0
configure:5049: result: yes
configure:5079: checking for sys/types.h
configure:5100: gcc -c -g -O2  conftest.c >&5
configure:5106: $? = 0
configure:5122: result: yes
configure:5079: checking for sys/stat.h
configure:5100: gcc -c -g -O2  conftest.c >&5
configure:5106: $? = 0
configure:5122: result: yes
configure:5079: checking for stdlib.h
configure:5100: gcc -c -g -O2  conftest.c >&5
configure:5106: $? = 0
configure:5122: result: yes
configure:5079: checking for string.h
configure:5100: gcc -c -g -O2  conftest.c >&5
configure:5106: $? = 0
configure:5122: result: yes
configure:5079: checking for memory.h
configure:5100: gcc -c -g -O2  conftest.c >&5
configure:5106: $? = 0
configure:5122: result: yes
configure:5079: checking for strings.h
configure:5100: gcc -c -g -O2  conftest.c >&5
configure:5106: $? = 0
configure:5122: result: yes
configure:5079: checking for inttypes.h
configure:5100: gcc -c -g -O2  conftest.c >&5
configure:5106: $? = 0
configure:5122: result: yes
configure:5079: checking for stdint.h
configure:5100: gcc -c -g -O2  conftest.c >&5
configure:5106: $? = 0
configure:5122: result: yes
configure:5079: checking for unistd.h
configure:5100: gcc -c -g -O2  conftest.c >&5
configure:5106: $? = 0
configure:5122: result: yes
configure:5150: checking locale.h usability
configure:5167: gcc -c -g -O2  conftest.c >&5
configure:5173: $? = 0
configure:5187: result: yes
configure:5191: checking locale.h presence
configure:5206: gcc -E  conftest.c
configure:5212: $? = 0
configure:5226: result: yes
configure:5254: checking for locale.h
configure:5262: result: yes
configure:5276: checking for LC_MESSAGES
configure:5302: gcc -o conftest -g -O2   conftest.c  >&5
configure:5308: $? = 0
configure:5325: result: yes
configure:5354: checking libintl.h usability
configure:5371: gcc -c -g -O2  conftest.c >&5
configure:5377: $? = 0
configure:5391: result: yes
configure:5395: checking libintl.h presence
configure:5410: gcc -E  conftest.c
configure:5416: $? = 0
configure:5430: result: yes
configure:5458: checking for libintl.h
configure:5465: result: yes
configure:5476: checking for ngettext in libc
configure:5504: gcc -o conftest -g -O2   conftest.c  >&5
configure:5510: $? = 0
configure:5528: result: yes
configure:5532: checking for dgettext in libc
configure:5560: gcc -o conftest -g -O2   conftest.c  >&5
configure:5566: $? = 0
configure:5584: result: yes
configure:5593: checking for bind_textdomain_codeset
configure:5649: gcc -o conftest -g -O2   conftest.c  >&5
configure:5655: $? = 0
configure:5673: result: yes
configure:6160: checking for msgfmt
configure:6187: result: /usr/bin/msgfmt
configure:6200: checking for dcgettext
configure:6256: gcc -o conftest -g -O2   conftest.c   >&5
conftest.c:48: warning: conflicting types for built-in function 'dcgettext'
configure:6262: $? = 0
configure:6280: result: yes
configure:6291: checking if msgfmt accepts -c
configure:6306: $MSGFMT -c -o /dev/null conftest.foo
configure:6309: $? = 0
configure:6311: result: yes
configure:6321: checking for gmsgfmt
configure:6352: result: /usr/bin/msgfmt
configure:6362: checking for xgettext
configure:6389: result: /usr/bin/xgettext
configure:6418: gcc -o conftest -g -O2   conftest.c   >&5
configure:6424: $? = 0
configure:6781: creating ./config.status

## ---------------------- ##
## Running config.status. ##
## ---------------------- ##

This file was extended by config.status, which was
generated by GNU Autoconf 2.61.  Invocation command line was

  CONFIG_FILES    = 
  CONFIG_HEADERS  = 
  CONFIG_LINKS    = 
  CONFIG_COMMANDS = 
  $ ./config.status 

on helight

config.status:660: creating Makefile
config.status:660: creating src/Makefile
config.status:660: creating po/Makefile.in
config.status:660: creating config.h
config.status:887: config.h is unchanged
config.status:933: executing depfiles commands
config.status:933: executing default-1 commands

## ---------------- ##
## Cache variables. ##
## ---------------- ##

ac_cv_c_compiler_gnu=yes
ac_cv_env_CC_set=
ac_cv_env_CC_value=
ac_cv_env_CFLAGS_set=
ac_cv_env_CFLAGS_value=
ac_cv_env_CPPFLAGS_set=
ac_cv_env_CPPFLAGS_value=
ac_cv_env_CPP_set=
ac_cv_env_CPP_value=
ac_cv_env_LDFLAGS_set=
ac_cv_env_LDFLAGS_value=
ac_cv_env_LIBS_set=
ac_cv_env_LIBS_value=
ac_cv_env_PACKAGE_CFLAGS_set=
ac_cv_env_PACKAGE_CFLAGS_value=
ac_cv_env_PACKAGE_LIBS_set=
ac_cv_env_PACKAGE_LIBS_value=
ac_cv_env_PKG_CONFIG_set=
ac_cv_env_PKG_CONFIG_value=
ac_cv_env_build_alias_set=
ac_cv_env_build_alias_value=
ac_cv_env_host_alias_set=
ac_cv_env_host_alias_value=
ac_cv_env_target_alias_set=
ac_cv_env_target_alias_value=
ac_cv_func_bind_textdomain_codeset=yes
ac_cv_func_dcgettext=yes
ac_cv_header_inttypes_h=yes
ac_cv_header_libintl_h=yes
ac_cv_header_locale_h=yes
ac_cv_header_memory_h=yes
ac_cv_header_stdc=yes
ac_cv_header_stdint_h=yes
ac_cv_header_stdlib_h=yes
ac_cv_header_string_h=yes
ac_cv_header_strings_h=yes
ac_cv_header_sys_stat_h=yes
ac_cv_header_sys_types_h=yes
ac_cv_header_unistd_h=yes
ac_cv_objext=o
ac_cv_path_EGREP='/bin/grep -E'
ac_cv_path_GMSGFMT=/usr/bin/msgfmt
ac_cv_path_GREP=/bin/grep
ac_cv_path_MSGFMT=/usr/bin/msgfmt
ac_cv_path_XGETTEXT=/usr/bin/xgettext
ac_cv_path_ac_pt_PKG_CONFIG=/usr/bin/pkg-config
ac_cv_path_install='/usr/bin/install -c'
ac_cv_prog_AWK=mawk
ac_cv_prog_CPP='gcc -E'
ac_cv_prog_ac_ct_CC=gcc
ac_cv_prog_cc_c89=
ac_cv_prog_cc_g=yes
ac_cv_prog_make_make_set=yes
ac_cv_search_strerror='none required'
am_cv_CC_dependencies_compiler_type=gcc3
am_cv_prog_cc_stdc=
am_cv_val_LC_MESSAGES=yes
gt_cv_func_dgettext_libc=yes
gt_cv_func_dgettext_libintl=no
gt_cv_func_ngettext_libc=yes
gt_cv_have_gettext=yes
pkg_cv_PACKAGE_CFLAGS='-D_REENTRANT -I/usr/include/gtk-2.0 -I/usr/lib/gtk-2.0/include -I/usr/include/atk-1.0 -I/usr/include/cairo -I/usr/include/pango-1.0 -I/usr/include/glib-2.0 -I/usr/lib/glib-2.0/include -I/usr/include/freetype2 -I/usr/include/directfb -I/usr/include/libpng12 -I/usr/include/pixman-1  '
pkg_cv_PACKAGE_LIBS='-lgtk-x11-2.0 -lgdk-x11-2.0 -latk-1.0 -lgdk_pixbuf-2.0 -lm -lpangocairo-1.0 -lpango-1.0 -lcairo -lgobject-2.0 -lgmodule-2.0 -ldl -lglib-2.0  '

## ----------------- ##
## Output variables. ##
## ----------------- ##

ACLOCAL='${SHELL} /home/helight/workspace/xnotebook/missing --run aclocal-1.7'
AMDEPBACKSLASH='\'
AMDEP_FALSE='#'
AMDEP_TRUE=''
AMTAR='${SHELL} /home/helight/workspace/xnotebook/missing --run tar'
AUTOCONF='${SHELL} /home/helight/workspace/xnotebook/missing --run autoconf'
AUTOHEADER='${SHELL} /home/helight/workspace/xnotebook/missing --run autoheader'
AUTOMAKE='${SHELL} /home/helight/workspace/xnotebook/missing --run automake-1.7'
AWK='mawk'
CATALOGS=''
CATOBJEXT='.gmo'
CC='gcc'
CCDEPMODE='depmode=gcc3'
CFLAGS='-g -O2'
CPP='gcc -E'
CPPFLAGS=''
CYGPATH_W='echo'
DATADIRNAME='share'
DEFS='-DHAVE_CONFIG_H'
DEPDIR='.deps'
ECHO_C=''
ECHO_N='-n'
ECHO_T=''
EGREP='/bin/grep -E'
EXEEXT=''
GETTEXT_PACKAGE='notebook'
GMOFILES=''
GMSGFMT='/usr/bin/msgfmt'
GREP='/bin/grep'
INSTALL_DATA='${INSTALL} -m 644'
INSTALL_PROGRAM='${INSTALL}'
INSTALL_SCRIPT='${INSTALL}'
INSTALL_STRIP_PROGRAM='${SHELL} $(install_sh) -c -s'
INSTOBJEXT='.mo'
INTLLIBS=''
LDFLAGS=''
LIBOBJS=''
LIBS=''
LTLIBOBJS=''
MAINT=''
MAINTAINER_MODE_FALSE='#'
MAINTAINER_MODE_TRUE=''
MAKEINFO='${SHELL} /home/helight/workspace/xnotebook/missing --run makeinfo'
MKINSTALLDIRS='./mkinstalldirs'
MSGFMT='/usr/bin/msgfmt'
MSGFMT_OPTS='-c'
OBJEXT='o'
PACKAGE='notebook'
PACKAGE_BUGREPORT=''
PACKAGE_CFLAGS='-D_REENTRANT -I/usr/include/gtk-2.0 -I/usr/lib/gtk-2.0/include -I/usr/include/atk-1.0 -I/usr/include/cairo -I/usr/include/pango-1.0 -I/usr/include/glib-2.0 -I/usr/lib/glib-2.0/include -I/usr/include/freetype2 -I/usr/include/directfb -I/usr/include/libpng12 -I/usr/include/pixman-1  '
PACKAGE_LIBS='-lgtk-x11-2.0 -lgdk-x11-2.0 -latk-1.0 -lgdk_pixbuf-2.0 -lm -lpangocairo-1.0 -lpango-1.0 -lcairo -lgobject-2.0 -lgmodule-2.0 -ldl -lglib-2.0  '
PACKAGE_NAME=''
PACKAGE_STRING=''
PACKAGE_TARNAME=''
PACKAGE_VERSION=''
PATH_SEPARATOR=':'
PKG_CONFIG='/usr/bin/pkg-config'
POFILES=''
POSUB='po'
PO_IN_DATADIR_FALSE=''
PO_IN_DATADIR_TRUE=''
SET_MAKE=''
SHELL='/bin/sh'
STRIP=''
USE_NLS='yes'
VERSION='0.1'
XGETTEXT='/usr/bin/xgettext'
ac_ct_CC='gcc'
am__fastdepCC_FALSE='#'
am__fastdepCC_TRUE=''
am__include='include'
am__leading_dot='.'
am__quote=''
bindir='${exec_prefix}/bin'
build_alias=''
datadir='${datarootdir}'
datarootdir='${prefix}/share'
docdir='${datarootdir}/doc/${PACKAGE}'
dvidir='${docdir}'
exec_prefix='${prefix}'
host_alias=''
htmldir='${docdir}'
includedir='${prefix}/include'
infodir='${datarootdir}/info'
install_sh='/home/helight/workspace/xnotebook/install-sh'
libdir='${exec_prefix}/lib'
libexecdir='${exec_prefix}/libexec'
localedir='${datarootdir}/locale'
localstatedir='${prefix}/var'
mandir='${datarootdir}/man'
oldincludedir='/usr/include'
pdfdir='${docdir}'
prefix='/usr/local'
program_transform_name='s,x,x,'
psdir='${docdir}'
sbindir='${exec_prefix}/sbin'
sharedstatedir='${prefix}/com'
sysconfdir='${prefix}/etc'
target_alias=''

## ----------- ##
## confdefs.h. ##
## ----------- ##

#define PACKAGE_NAME ""
#define PACKAGE_TARNAME ""
#define PACKAGE_VERSION ""
#define PACKAGE_STRING ""
#define PACKAGE_BUGREPORT ""
#define PACKAGE "notebook"
#define VERSION "0.1"
#define STDC_HEADERS 1
#define GETTEXT_PACKAGE "notebook"
#define HAVE_SYS_TYPES_H 1
#define HAVE_SYS_STAT_H 1
#define HAVE_STDLIB_H 1
#define HAVE_STRING_H 1
#define HAVE_MEMORY_H 1
#define HAVE_STRINGS_H 1
#define HAVE_INTTYPES_H 1
#define HAVE_STDINT_H 1
#define HAVE_UNISTD_H 1
#define HAVE_LOCALE_H 1
#define HAVE_LC_MESSAGES 1
#define HAVE_BIND_TEXTDOMAIN_CODESET 1
#define HAVE_GETTEXT 1
#define HAVE_DCGETTEXT 1
#define ENABLE_NLS 1

configure: exit 0

## ---------------------- ##
## Running config.status. ##
## ---------------------- ##

This file was extended by config.status, which was
generated by GNU Autoconf 2.61.  Invocation command line was

  CONFIG_FILES    = 
  CONFIG_HEADERS  = 
  CONFIG_LINKS    = 
  CONFIG_COMMANDS = 
  $ ./config.status config.h

on helight

config.status:660: creating config.h
config.status:887: config.h is unchanged

## ---------------------- ##
## Running config.status. ##
## ---------------------- ##

This file was extended by config.status, which was
generated by GNU Autoconf 2.61.  Invocation command line was

  CONFIG_FILES    = po/Makefile.in
  CONFIG_HEADERS  = 
  CONFIG_LINKS    = 
  CONFIG_COMMANDS = 
  $ ./config.status 

on helight

config.status:660: creating po/Makefile.in
config.status:933: executing depfiles commands
config.status:933: executing default-1 commands
